Using pre-set license
Built from '2021.1/release' branch; Version is '2021.1.16f1 (5fa502fca597) revision 6268162'; Using compiler version '192528614'; Build Type 'Release'
OS: 'Windows 10 Pro; OS build 19042.1466; Version 2009; 64bit' Language: 'en' Physical Memory: 32694 MB
BatchMode: 1, IsHumanControllingUs: 0, StartBugReporterOnCrash: 0, Is64bit: 1, IsPro: 0

 COMMAND LINE ARGUMENTS:
R:\unity\2021.1.16f1\Editor\Unity.exe
-adb2
-batchMode
-noUpm
-name
AssetImportWorker0
-projectPath
C:/Users/rAzex/Desktop/yea/game
-logFile
Logs/AssetImportWorker0.log
-srvPort
10422
Successfully changed project path to: C:/Users/rAzex/Desktop/yea/game
C:/Users/rAzex/Desktop/yea/game
Using Asset Import Pipeline V2.
Refreshing native plugins compatible for Editor in 143.41 ms, found 3 plugins.
Preloading 0 native plugins for Editor in 0.00 ms.
Initialize engine version: 2021.1.16f1 (5fa502fca597)
[Subsystems] Discovering subsystems at path R:/unity/2021.1.16f1/Editor/Data/Resources/UnitySubsystems
[Subsystems] Discovering subsystems at path C:/Users/rAzex/Desktop/yea/game/Assets
GfxDevice: creating device client; threaded=0; jobified=0
Direct3D:
    Version:  Direct3D 11.0 [level 11.1]
    Renderer: Radeon RX 580 Series (ID=0x67df)
    Vendor:   ATI
    VRAM:     8171 MB
    Driver:   30.0.13025.5005
Initialize mono
Mono path[0] = 'R:/unity/2021.1.16f1/Editor/Data/Managed'
Mono path[1] = 'R:/unity/2021.1.16f1/Editor/Data/MonoBleedingEdge/lib/mono/unityjit'
Mono config path = 'R:/unity/2021.1.16f1/Editor/Data/MonoBleedingEdge/etc'
Using monoOptions --debugger-agent=transport=dt_socket,embedding=1,server=y,suspend=n,address=127.0.0.1:56044
Begin MonoManager ReloadAssembly
Registering precompiled unity dll's ...
Register platform support module: R:/unity/2021.1.16f1/Editor/Data/PlaybackEngines/WindowsStandaloneSupport/UnityEditor.WindowsStandalone.Extensions.dll
Registered in 0.001131 seconds.
Native extension for WindowsStandalone target not found
Refreshing native plugins compatible for Editor in 137.52 ms, found 3 plugins.
Preloading 0 native plugins for Editor in 0.00 ms.
Mono: successfully reloaded assembly
- Completed reload, in  1.262 seconds
Domain Reload Profiling:
	ReloadAssembly (1262ms)
		BeginReloadAssembly (70ms)
			ExecutionOrderSort (0ms)
			DisableScriptedObjects (0ms)
			BackupInstance (0ms)
			ReleaseScriptingObjects (0ms)
			CreateAndSetChildDomain (1ms)
		EndReloadAssembly (569ms)
			LoadAssemblies (69ms)
			RebuildTransferFunctionScriptingTraits (0ms)
			SetupTypeCache (191ms)
			ReleaseScriptCaches (0ms)
			RebuildScriptCaches (30ms)
			SetupLoadedEditorAssemblies (298ms)
				LogAssemblyErrors (0ms)
				InitializePlatformSupportModulesInManaged (7ms)
				SetLoadedEditorAssemblies (0ms)
				RefreshPlugins (138ms)
				BeforeProcessingInitializeOnLoad (2ms)
				ProcessInitializeOnLoadAttributes (116ms)
				ProcessInitializeOnLoadMethodAttributes (34ms)
				AfterProcessingInitializeOnLoad (0ms)
				EditorAssembliesLoaded (0ms)
			ExecutionOrderSort2 (0ms)
			AwakeInstancesAfterBackupRestoration (0ms)
Platform modules already initialized, skipping
Registering precompiled user dll's ...
Registered in 0.008272 seconds.
Begin MonoManager ReloadAssembly
Symbol file LoadedFromMemory doesn't match image C:\Users\rAzex\Desktop\yea\game\Library\PackageCache\com.unity.visualscripting@1.6.1\Editor\VisualScripting.Core\Dependencies\YamlDotNet\Unity.VisualScripting.YamlDotNet.dll
Symbol file LoadedFromMemory doesn't match image C:\Users\rAzex\Desktop\yea\game\Library\PackageCache\com.unity.visualscripting@1.6.1\Editor\VisualScripting.Core\Dependencies\DotNetZip\Unity.VisualScripting.IonicZip.dll
Native extension for WindowsStandalone target not found
Refreshing native plugins compatible for Editor in 130.68 ms, found 3 plugins.
Preloading 0 native plugins for Editor in 0.00 ms.
Mono: successfully reloaded assembly
- Completed reload, in  1.909 seconds
Domain Reload Profiling:
	ReloadAssembly (1909ms)
		BeginReloadAssembly (175ms)
			ExecutionOrderSort (0ms)
			DisableScriptedObjects (6ms)
			BackupInstance (0ms)
			ReleaseScriptingObjects (0ms)
			CreateAndSetChildDomain (23ms)
		EndReloadAssembly (1669ms)
			LoadAssemblies (109ms)
			RebuildTransferFunctionScriptingTraits (0ms)
			SetupTypeCache (439ms)
			ReleaseScriptCaches (1ms)
			RebuildScriptCaches (70ms)
			SetupLoadedEditorAssemblies (941ms)
				LogAssemblyErrors (0ms)
				InitializePlatformSupportModulesInManaged (4ms)
				SetLoadedEditorAssemblies (0ms)
				RefreshPlugins (131ms)
				BeforeProcessingInitializeOnLoad (109ms)
				ProcessInitializeOnLoadAttributes (678ms)
				ProcessInitializeOnLoadMethodAttributes (16ms)
				AfterProcessingInitializeOnLoad (3ms)
				EditorAssembliesLoaded (0ms)
			ExecutionOrderSort2 (0ms)
			AwakeInstancesAfterBackupRestoration (8ms)
Platform modules already initialized, skipping
========================================================================
Worker process is ready to serve import requests
Launched and connected shader compiler UnityShaderCompiler.exe after 0.07 seconds
Refreshing native plugins compatible for Editor in 0.96 ms, found 3 plugins.
Preloading 0 native plugins for Editor in 0.00 ms.
Unloading 4116 Unused Serialized files (Serialized files now loaded: 0)
System memory in use before: 245.4 MB.
System memory in use after: 245.4 MB.

Unloading 152 unused Assets to reduce memory usage. Loaded Objects now: 4564.
Total: 5.677600 ms (FindLiveObjects: 0.491400 ms CreateObjectMapping: 0.201700 ms MarkObjects: 4.628800 ms  DeleteObjects: 0.353700 ms)

AssetImportParameters requested are different than current active one (requested -> active):
  custom:framework-win-MediaFoundation: 216162199b28c13a410421893ffa2e32 -> 
  custom:video-decoder-ogg-theora: a1e56fd34408186e4bbccfd4996cb3dc -> 
  custom:container-muxer-webm: aa71ff27fc2769a1b78a27578f13a17b -> 
  custom:container-demuxer-webm: 4f35f7cbe854078d1ac9338744f61a02 -> 
  custom:container-demuxer-ogg: 62fdf1f143b41e24485cea50d1cbac27 -> 
  custom:video-encoder-webm-vp8: eb34c28f22e8b96e1ab97ce403110664 -> 
  custom:video-decoder-webm-vp8: 9c59270c3fd7afecdb556c50c9e8de78 -> 
  custom:audio-decoder-ogg-vorbis: bf7c407c2cedff20999df2af8eb42d56 -> 
  custom:audio-encoder-webm-vorbis: bf7c407c2cedff20999df2af8eb42d56 -> 
========================================================================
Received Import Request.
  path: Packages/com.unity.textmeshpro/Editor Resources/Textures/SectionHeader_Light.psd
  artifactKey: Guid(e3b0f810fdea84e40ab4ba20f256f7e8) Importer(815301076,1909f56bfc062723c751e8b465ee728b)
Start importing Packages/com.unity.textmeshpro/Editor Resources/Textures/SectionHeader_Light.psd using Guid(e3b0f810fdea84e40ab4ba20f256f7e8) Importer(815301076,1909f56bfc062723c751e8b465ee728b)  -> (artifact id: 'e9252daeada88d75f7315c3d101ede58') in 0.102438 seconds 
========================================================================
Received Import Request.
  Time since last request: 0.000340 seconds.
  path: Assets/scripts/HealthBar.cs
  artifactKey: Guid(4fe0e9675eb59644ab2f923a7ac69a9d) Importer(815301076,1909f56bfc062723c751e8b465ee728b)
Start importing Assets/scripts/HealthBar.cs using Guid(4fe0e9675eb59644ab2f923a7ac69a9d) Importer(815301076,1909f56bfc062723c751e8b465ee728b)  -> (artifact id: 'c30cdcb1cfb3492dc869676359b9dce4') in 0.005537 seconds 
========================================================================
Received Import Request.
  Time since last request: 0.000366 seconds.
  path: Assets/scripts/NavMeshSurface.cs
  artifactKey: Guid(dbaa3c445b15ed647b989687712df012) Importer(2089858483,934ff659095e30574adcf32a4c2f97b5)
Start importing Assets/scripts/NavMeshSurface.cs using Guid(dbaa3c445b15ed647b989687712df012) Importer(2089858483,934ff659095e30574adcf32a4c2f97b5)  -> (artifact id: '243cad39c3e01fe6eca0f82b7145d3a6') in 0.059850 seconds 
========================================================================
Received Import Request.
  Time since last request: 0.000286 seconds.
  path: Assets/scripts/HealthBar.cs
  artifactKey: Guid(4fe0e9675eb59644ab2f923a7ac69a9d) Importer(2089858483,934ff659095e30574adcf32a4c2f97b5)
Start importing Assets/scripts/HealthBar.cs using Guid(4fe0e9675eb59644ab2f923a7ac69a9d) Importer(2089858483,934ff659095e30574adcf32a4c2f97b5)  -> (artifact id: '037317c263d474b72fcf606a33921ce6') in 0.008425 seconds 
========================================================================
Received Import Request.
  Time since last request: 0.000351 seconds.
  path: Packages/com.unity.timeline/Editor/StyleSheets/Images/Icons/d_TimelineHeaderMarkerIcon.png
  artifactKey: Guid(4f8d98ef7dbbe3d469e14c04722cbeed) Importer(815301076,1909f56bfc062723c751e8b465ee728b)
Start importing Packages/com.unity.timeline/Editor/StyleSheets/Images/Icons/d_TimelineHeaderMarkerIcon.png using Guid(4f8d98ef7dbbe3d469e14c04722cbeed) Importer(815301076,1909f56bfc062723c751e8b465ee728b)  -> (artifact id: 'c98967fa3e7b3117013f70907c933ac7') in 0.014689 seconds 
========================================================================
Received Import Request.
  Time since last request: 0.000355 seconds.
  path: Packages/com.unity.textmeshpro/Editor Resources/Textures/SectionHeader_Dark.psd
  artifactKey: Guid(fb5730e24283d0c489e5c7d0bee023d9) Importer(815301076,1909f56bfc062723c751e8b465ee728b)
Start importing Packages/com.unity.textmeshpro/Editor Resources/Textures/SectionHeader_Dark.psd using Guid(fb5730e24283d0c489e5c7d0bee023d9) Importer(815301076,1909f56bfc062723c751e8b465ee728b)  -> (artifact id: 'f5b3e33e3659138db073cc1e319e8fba') in 0.007635 seconds 
========================================================================
Received Import Request.
  Time since last request: 0.000336 seconds.
  path: Assets/materials/PPP.asset
  artifactKey: Guid(45c14bcb374790447b05cb4352417b4a) Importer(2089858483,934ff659095e30574adcf32a4c2f97b5)
Start importing Assets/materials/PPP.asset using Guid(45c14bcb374790447b05cb4352417b4a) Importer(2089858483,934ff659095e30574adcf32a4c2f97b5)  -> (artifact id: 'c9fe36e4965b6d979911e217eddb1e9c') in 0.016707 seconds 
========================================================================
Received Import Request.
  Time since last request: 0.000362 seconds.
  path: Assets/Game
  artifactKey: Guid(fa5f9595c4b2893458dd59e1fee91fe0) Importer(2089858483,934ff659095e30574adcf32a4c2f97b5)
Start importing Assets/Game using Guid(fa5f9595c4b2893458dd59e1fee91fe0) Importer(2089858483,934ff659095e30574adcf32a4c2f97b5)  -> (artifact id: 'f091aebdd8e33e3b89b2bd13eba451a4') in 0.005616 seconds 
========================================================================
Received Import Request.
  Time since last request: 0.000347 seconds.
  path: Assets/scripts/NavMeshModifierVolume.cs
  artifactKey: Guid(deae80fb8e7ca8345a6d0441a926882f) Importer(2089858483,934ff659095e30574adcf32a4c2f97b5)
Start importing Assets/scripts/NavMeshModifierVolume.cs using Guid(deae80fb8e7ca8345a6d0441a926882f) Importer(2089858483,934ff659095e30574adcf32a4c2f97b5)  -> (artifact id: '018bfaffada1f0ef65dfad576e342142') in 0.006674 seconds 
========================================================================
Received Import Request.
  Time since last request: 0.000352 seconds.
  path: Assets/scripts/EnemyProjectile.cs
  artifactKey: Guid(6fb302c25ff9e5e4dab41bbe8136f35d) Importer(2089858483,934ff659095e30574adcf32a4c2f97b5)
Start importing Assets/scripts/EnemyProjectile.cs using Guid(6fb302c25ff9e5e4dab41bbe8136f35d) Importer(2089858483,934ff659095e30574adcf32a4c2f97b5)  -> (artifact id: '967c0ef02ccc976e62786e46bd7d93c9') in 0.006185 seconds 
========================================================================
Received Import Request.
  Time since last request: 0.000303 seconds.
  path: Assets/TextMesh Pro/Resources/Fonts & Materials/LiberationSans SDF - Fallback.asset
  artifactKey: Guid(2e498d1c8094910479dc3e1b768306a4) Importer(2089858483,934ff659095e30574adcf32a4c2f97b5)
Start importing Assets/TextMesh Pro/Resources/Fonts & Materials/LiberationSans SDF - Fallback.asset using Guid(2e498d1c8094910479dc3e1b768306a4) Importer(2089858483,934ff659095e30574adcf32a4c2f97b5)  -> (artifact id: '1b8278b7f732395286c4daf4831e6d6c') in 0.053366 seconds 
========================================================================
Received Import Request.
  Time since last request: 0.000342 seconds.
  path: Assets/scripts/DoorHinge.controller
  artifactKey: Guid(fb09ca24a7fcb8046b12185850e812be) Importer(2089858483,934ff659095e30574adcf32a4c2f97b5)
Start importing Assets/scripts/DoorHinge.controller using Guid(fb09ca24a7fcb8046b12185850e812be) Importer(2089858483,934ff659095e30574adcf32a4c2f97b5)  -> (artifact id: '86eda5809242f4aa3c1a5fbe5fd57c5e') in 0.008412 seconds 
========================================================================
Received Import Request.
  Time since last request: 0.000333 seconds.
  path: Assets/Game/NavMesh.asset
  artifactKey: Guid(f63c9cb32d8ca814ca2d32d385231b9c) Importer(2089858483,934ff659095e30574adcf32a4c2f97b5)
Start importing Assets/Game/NavMesh.asset using Guid(f63c9cb32d8ca814ca2d32d385231b9c) Importer(2089858483,934ff659095e30574adcf32a4c2f97b5)  -> (artifact id: 'c0991442c98dbe405d9009faed338e0d') in 0.005999 seconds 
========================================================================
Received Import Request.
  Time since last request: 0.000349 seconds.
  path: Packages/com.unity.timeline/Editor/StyleSheets/Images/Icons/TimelineHeaderMarkerIcon.png
  artifactKey: Guid(bf1debab21103154b99778ba6e074175) Importer(815301076,1909f56bfc062723c751e8b465ee728b)
Start importing Packages/com.unity.timeline/Editor/StyleSheets/Images/Icons/TimelineHeaderMarkerIcon.png using Guid(bf1debab21103154b99778ba6e074175) Importer(815301076,1909f56bfc062723c751e8b465ee728b)  -> (artifact id: '6f715ee067dae14deba2b8ceb790e19b') in 0.009175 seconds 
========================================================================
Received Import Request.
  Time since last request: 0.000293 seconds.
  path: Assets/Game.unity
  artifactKey: Guid(785013f2323110d4095649a6720b4492) Importer(2089858483,934ff659095e30574adcf32a4c2f97b5)
Start importing Assets/Game.unity using Guid(785013f2323110d4095649a6720b4492) Importer(2089858483,934ff659095e30574adcf32a4c2f97b5)  -> (artifact id: '73ade3b972adbe64ee099cd65307140b') in 0.005346 seconds 
========================================================================
Received Import Request.
  Time since last request: 0.000327 seconds.
  path: Assets/scripts/NavMeshLink.cs
  artifactKey: Guid(bc5fb733d2ce592409560e4adc9eb628) Importer(2089858483,934ff659095e30574adcf32a4c2f97b5)
Start importing Assets/scripts/NavMeshLink.cs using Guid(bc5fb733d2ce592409560e4adc9eb628) Importer(2089858483,934ff659095e30574adcf32a4c2f97b5)  -> (artifact id: 'fd9a156901f47cc7e39bc9973339c631') in 0.006191 seconds 
========================================================================
Received Import Request.
  Time since last request: 0.000345 seconds.
  path: Assets/scripts/ButtonDoorRaycast.cs
  artifactKey: Guid(952c2da308f34b040914cbd190d046ac) Importer(2089858483,934ff659095e30574adcf32a4c2f97b5)
Start importing Assets/scripts/ButtonDoorRaycast.cs using Guid(952c2da308f34b040914cbd190d046ac) Importer(2089858483,934ff659095e30574adcf32a4c2f97b5)  -> (artifact id: '4052b7efae3f1ad7d7168d9f96680eb5') in 0.005770 seconds 
========================================================================
Received Import Request.
  Time since last request: 0.000336 seconds.
  path: Assets/scripts/Exploding Gun.cs
  artifactKey: Guid(e50de6dc0aeef064d8d304511ce2e14a) Importer(2089858483,934ff659095e30574adcf32a4c2f97b5)
Start importing Assets/scripts/Exploding Gun.cs using Guid(e50de6dc0aeef064d8d304511ce2e14a) Importer(2089858483,934ff659095e30574adcf32a4c2f97b5)  -> (artifact id: '56fe0665effb6a9f06062e38ad1df119') in 0.005283 seconds 
========================================================================
Received Import Request.
  Time since last request: 0.000351 seconds.
  path: Assets/scripts
  artifactKey: Guid(27b734c97974369458d2136a625a7719) Importer(2089858483,934ff659095e30574adcf32a4c2f97b5)
Start importing Assets/scripts using Guid(27b734c97974369458d2136a625a7719) Importer(2089858483,934ff659095e30574adcf32a4c2f97b5)  -> (artifact id: '063bcdbcd837006bad83e12a4eb21ced') in 0.005218 seconds 
========================================================================
Received Import Request.
  Time since last request: 0.000357 seconds.
  path: Assets/scripts/DoorOpen.anim
  artifactKey: Guid(59f8434230756ef4d911953f05022ec0) Importer(2089858483,934ff659095e30574adcf32a4c2f97b5)
Start importing Assets/scripts/DoorOpen.anim using Guid(59f8434230756ef4d911953f05022ec0) Importer(2089858483,934ff659095e30574adcf32a4c2f97b5)  -> (artifact id: 'd27f52ae3e5845aa84656873a4cc3401') in 0.007108 seconds 
========================================================================
Received Import Request.
  Time since last request: 0.000323 seconds.
  path: Assets/scripts/NavMeshModifier.cs
  artifactKey: Guid(7c50cbe3c3f2ed34f8658537ed8151c8) Importer(2089858483,934ff659095e30574adcf32a4c2f97b5)
Start importing Assets/scripts/NavMeshModifier.cs using Guid(7c50cbe3c3f2ed34f8658537ed8151c8) Importer(2089858483,934ff659095e30574adcf32a4c2f97b5)  -> (artifact id: '6c35a8a7cf3172e8fd6a8f589db4c79b') in 0.005760 seconds 
========================================================================
Received Import Request.
  Time since last request: 0.000375 seconds.
  path: Assets/scripts/Interactable.cs
  artifactKey: Guid(e916fba2eb50a254e9acebc731c219d7) Importer(2089858483,934ff659095e30574adcf32a4c2f97b5)
Start importing Assets/scripts/Interactable.cs using Guid(e916fba2eb50a254e9acebc731c219d7) Importer(2089858483,934ff659095e30574adcf32a4c2f97b5)  -> (artifact id: 'e4f2c8bdf00b2871d544ccf4e4f5fe11') in 0.005996 seconds 
========================================================================
Received Prepare
Registering precompiled user dll's ...
Registered in 0.017665 seconds.
Begin MonoManager ReloadAssembly
Symbol file LoadedFromMemory doesn't match image C:\Users\rAzex\Desktop\yea\game\Library\PackageCache\com.unity.visualscripting@1.6.1\Editor\VisualScripting.Core\Dependencies\YamlDotNet\Unity.VisualScripting.YamlDotNet.dll
Symbol file LoadedFromMemory doesn't match image C:\Users\rAzex\Desktop\yea\game\Library\PackageCache\com.unity.visualscripting@1.6.1\Editor\VisualScripting.Core\Dependencies\DotNetZip\Unity.VisualScripting.IonicZip.dll
Native extension for WindowsStandalone target not found
Refreshing native plugins compatible for Editor in 0.99 ms, found 3 plugins.
Preloading 0 native plugins for Editor in 0.00 ms.
Warning: Annotation not found!
UnityEngine.StackTraceUtility:ExtractStackTrace ()
UnityEditor.ProBuilder.EditorUtility:SetGizmoIconEnabled (System.Type,bool) (at Library/PackageCache/com.unity.probuilder@5.0.3/Editor/EditorCore/EditorUtility.cs:575)
UnityEditor.ProBuilder.HierarchyListener:.cctor () (at Library/PackageCache/com.unity.probuilder@5.0.3/Editor/EditorCore/HierarchyListener.cs:21)
System.Runtime.CompilerServices.RuntimeHelpers:RunClassConstructor (System.RuntimeTypeHandle)
UnityEditor.EditorAssemblies:ProcessInitializeOnLoadAttributes (System.Type[])

[Library/PackageCache/com.unity.probuilder@5.0.3/Editor/EditorCore/EditorUtility.cs line 575]

Mono: successfully reloaded assembly
- Completed reload, in  1.475 seconds
Domain Reload Profiling:
	ReloadAssembly (1475ms)
		BeginReloadAssembly (140ms)
			ExecutionOrderSort (0ms)
			DisableScriptedObjects (7ms)
			BackupInstance (0ms)
			ReleaseScriptingObjects (0ms)
			CreateAndSetChildDomain (44ms)
		EndReloadAssembly (1270ms)
			LoadAssemblies (103ms)
			RebuildTransferFunctionScriptingTraits (0ms)
			SetupTypeCache (460ms)
			ReleaseScriptCaches (1ms)
			RebuildScriptCaches (51ms)
			SetupLoadedEditorAssemblies (515ms)
				LogAssemblyErrors (0ms)
				InitializePlatformSupportModulesInManaged (5ms)
				SetLoadedEditorAssemblies (0ms)
				RefreshPlugins (1ms)
				BeforeProcessingInitializeOnLoad (68ms)
				ProcessInitializeOnLoadAttributes (425ms)
				ProcessInitializeOnLoadMethodAttributes (12ms)
				AfterProcessingInitializeOnLoad (3ms)
				EditorAssembliesLoaded (0ms)
			ExecutionOrderSort2 (0ms)
			AwakeInstancesAfterBackupRestoration (14ms)
Platform modules already initialized, skipping
Refreshing native plugins compatible for Editor in 0.94 ms, found 3 plugins.
Preloading 0 native plugins for Editor in 0.00 ms.
Unloading 4027 Unused Serialized files (Serialized files now loaded: 0)
System memory in use before: 239.3 MB.
System memory in use after: 239.4 MB.

Unloading 22 unused Assets to reduce memory usage. Loaded Objects now: 4629.
Total: 5.287300 ms (FindLiveObjects: 0.373000 ms CreateObjectMapping: 0.117600 ms MarkObjects: 4.630100 ms  DeleteObjects: 0.164900 ms)

AssetImportParameters requested are different than current active one (requested -> active):
  custom:framework-win-MediaFoundation: 216162199b28c13a410421893ffa2e32 -> 
  custom:video-decoder-ogg-theora: a1e56fd34408186e4bbccfd4996cb3dc -> 
  custom:container-muxer-webm: aa71ff27fc2769a1b78a27578f13a17b -> 
  custom:container-demuxer-webm: 4f35f7cbe854078d1ac9338744f61a02 -> 
  custom:container-demuxer-ogg: 62fdf1f143b41e24485cea50d1cbac27 -> 
  custom:video-encoder-webm-vp8: eb34c28f22e8b96e1ab97ce403110664 -> 
  custom:video-decoder-webm-vp8: 9c59270c3fd7afecdb556c50c9e8de78 -> 
  custom:audio-decoder-ogg-vorbis: bf7c407c2cedff20999df2af8eb42d56 -> 
  custom:audio-encoder-webm-vorbis: bf7c407c2cedff20999df2af8eb42d56 -> 
========================================================================
Received Import Request.
  Time since last request: 798.358976 seconds.
  path: Assets/walking shake.anim
  artifactKey: Guid(04a52aafba3b06b438dc205a35d1571e) Importer(815301076,1909f56bfc062723c751e8b465ee728b)
Start importing Assets/walking shake.anim using Guid(04a52aafba3b06b438dc205a35d1571e) Importer(815301076,1909f56bfc062723c751e8b465ee728b)  -> (artifact id: '1fff8663df2b57977306ff957cd60e3f') in 0.011593 seconds 
========================================================================
Received Import Request.
  Time since last request: 1.111641 seconds.
  path: Assets/ShootingLol.cs
  artifactKey: Guid(2990fc029c18e484d86c78e6ac8789ee) Importer(2089858483,934ff659095e30574adcf32a4c2f97b5)
Start importing Assets/ShootingLol.cs using Guid(2990fc029c18e484d86c78e6ac8789ee) Importer(2089858483,934ff659095e30574adcf32a4c2f97b5)  -> (artifact id: 'a9cc4355fb86edd7cf9a702c8cceb009') in 0.058010 seconds 
========================================================================
Received Import Request.
  Time since last request: 0.875286 seconds.
  path: Assets/Target.cs
  artifactKey: Guid(f154d483ede8ba747812fa97bccc15b6) Importer(815301076,1909f56bfc062723c751e8b465ee728b)
Start importing Assets/Target.cs using Guid(f154d483ede8ba747812fa97bccc15b6) Importer(815301076,1909f56bfc062723c751e8b465ee728b)  -> (artifact id: 'e013954467d6af92ea41667226c4b39f') in 0.003382 seconds 
AssetImportWorkerClient::OnTransportError - code=2 error=End of file
